<?xml version="1.0" encoding="UTF-8"?>
<!-- Generated by org.testng.reporters.JUnitReportReporter -->
<testsuite skipped="0" hostname="Vivek-Tiwari1" name="Com.NYT.TestCases.toVerifyLogin" tests="1" failures="0" timestamp="18 Apr 2019 11:54:19 GMT" time="7.379" errors="0">
  <testcase name="toVerifyLoginfunc" time="7.379" classname="Com.NYT.TestCases.toVerifyLogin"/>
</testsuite> <!-- Com.NYT.TestCases.toVerifyLogin -->
