<?xml version="1.0" encoding="UTF-8"?>
<!-- Generated by org.testng.reporters.JUnitReportReporter -->
<testsuite skipped="0" hostname="VivekPC" name="Com.NYT.TestCases.ToVerifyHorizontalSwipe" tests="1" failures="0" timestamp="21 Apr 2019 19:28:14 GMT" time="32.678" errors="0">
  <testcase name="SwipeTest" time="32.678" classname="Com.NYT.TestCases.ToVerifyHorizontalSwipe"/>
</testsuite> <!-- Com.NYT.TestCases.ToVerifyHorizontalSwipe -->
