<?xml version="1.0" encoding="UTF-8"?>
<!-- Generated by org.testng.reporters.JUnitReportReporter -->
<testsuite skipped="1" hostname="Vivek-Tiwari1" name="Com.NYT.TestCases.ToVerifyHorizontalSwipe" tests="1" failures="0" timestamp="13 Mar 2019 14:57:59 GMT" time="0.000" errors="0">
  <testcase name="SwipeTest" time="0.000" classname="Com.NYT.TestCases.ToVerifyHorizontalSwipe">
    <skipped/>
  </testcase> <!-- SwipeTest -->
</testsuite> <!-- Com.NYT.TestCases.ToVerifyHorizontalSwipe -->
