<?xml version="1.0" encoding="UTF-8"?>
<!-- Generated by org.testng.reporters.JUnitReportReporter -->
<testsuite skipped="0" hostname="Vivek-Tiwari1" name="Com.NYT.TestCases.ToVerifySettingOption" tests="1" failures="0" timestamp="18 Apr 2019 11:54:19 GMT" time="16.665" errors="0">
  <testcase name="toCheckSettingItemPart1" time="16.665" classname="Com.NYT.TestCases.ToVerifySettingOption"/>
</testsuite> <!-- Com.NYT.TestCases.ToVerifySettingOption -->
