<?xml version="1.0" encoding="UTF-8"?>
<!-- Generated by org.testng.reporters.JUnitReportReporter -->
<testsuite skipped="0" hostname="VivekPC" name="Com.NYT.TestCases.ToVerifySettingOption" tests="1" failures="0" timestamp="21 Apr 2019 19:28:14 GMT" time="19.226" errors="0">
  <testcase name="toCheckSettingItemPart1" time="19.226" classname="Com.NYT.TestCases.ToVerifySettingOption"/>
</testsuite> <!-- Com.NYT.TestCases.ToVerifySettingOption -->
