<?xml version="1.0" encoding="UTF-8"?>
<!-- Generated by org.testng.reporters.JUnitReportReporter -->
<testsuite skipped="0" hostname="VivekPC" name="Com.NYT.TestCases.toVerifyLogin" tests="1" failures="0" timestamp="21 Apr 2019 19:28:14 GMT" time="21.045" errors="0">
  <testcase name="toVerifyLoginfunc" time="21.045" classname="Com.NYT.TestCases.toVerifyLogin"/>
</testsuite> <!-- Com.NYT.TestCases.toVerifyLogin -->
