<?xml version="1.0" encoding="UTF-8"?>
<!-- Generated by org.testng.reporters.JUnitReportReporter -->
<testsuite skipped="0" hostname="VivekPC" name="Com.NYT.TestCases.ToVerifySections" tests="1" failures="0" timestamp="21 Apr 2019 20:47:15 GMT" time="13.973" errors="0">
  <testcase name="checkSectionlist" time="13.973" classname="Com.NYT.TestCases.ToVerifySections"/>
</testsuite> <!-- Com.NYT.TestCases.ToVerifySections -->
