<?xml version="1.0" encoding="UTF-8"?>
<!-- Generated by org.testng.reporters.JUnitReportReporter -->
<testsuite skipped="0" hostname="VivekPC" name="Com.NYT.TestCases.toVerifyLogin2" tests="1" failures="0" timestamp="20 Apr 2019 05:57:24 GMT" time="30.901" errors="0">
  <testcase name="toVerifyLoginfunc" time="30.901" classname="Com.NYT.TestCases.toVerifyLogin2"/>
</testsuite> <!-- Com.NYT.TestCases.toVerifyLogin2 -->
