<?xml version="1.0" encoding="UTF-8"?>
<!-- Generated by org.testng.reporters.JUnitReportReporter -->
<testsuite skipped="0" hostname="Vivek-Tiwari1" name="Com.NYT.TestCases.toCheckSectionList" tests="1" failures="0" timestamp="18 Feb 2019 12:13:02 GMT" time="17.181" errors="0">
  <testcase name="toInvokeSectionlistItem" time="17.181" classname="Com.NYT.TestCases.toCheckSectionList"/>
</testsuite> <!-- Com.NYT.TestCases.toCheckSectionList -->
