<?xml version="1.0" encoding="UTF-8"?>
<!-- Generated by org.testng.reporters.JUnitReportReporter -->
<testsuite skipped="0" hostname="VivekPC" name="Com.NYT.TestCases.ToVerifyVerticalScroll" tests="1" failures="0" timestamp="21 Apr 2019 20:14:54 GMT" time="102.695" errors="0">
  <testcase name="ScrollTest" time="102.695" classname="Com.NYT.TestCases.ToVerifyVerticalScroll"/>
</testsuite> <!-- Com.NYT.TestCases.ToVerifyVerticalScroll -->
